Breakpoint 10, 0x0000000000401002 in phase_5 ()
(gdb) disas
Dump of assembler code for function phase_5:
=> 0x0000000000401002 <+0>:	sub    $0x18,%rsp
   0x0000000000401006 <+4>:	lea    0x8(%rsp),%rcx
   0x000000000040100b <+9>:	lea    0xc(%rsp),%rdx
   0x0000000000401010 <+14>:	mov    $0x401ebe,%esi
   0x0000000000401015 <+19>:	mov    $0x0,%eax
   0x000000000040101a <+24>:	callq  0x400ab0 <__isoc99_sscanf@plt>
   0x000000000040101f <+29>:	cmp    $0x1,%eax
   0x0000000000401022 <+32>:	jg     0x401029 <phase_5+39>
   0x0000000000401024 <+34>:	callq  0x40163d <explode_bomb>
   0x0000000000401029 <+39>:	mov    0xc(%rsp),%eax
   0x000000000040102d <+43>:	and    $0xf,%eax
   0x0000000000401030 <+46>:	mov    %eax,0xc(%rsp)
   0x0000000000401034 <+50>:	cmp    $0xf,%eax
   0x0000000000401037 <+53>:	je     0x401065 <phase_5+99>
   0x0000000000401039 <+55>:	mov    $0x0,%ecx
   0x000000000040103e <+60>:	mov    $0x0,%edx
   0x0000000000401043 <+65>:	add    $0x1,%edx
   0x0000000000401046 <+68>:	cltq   
   0x0000000000401048 <+70>:	mov    0x401ba0(,%rax,4),%eax
   0x000000000040104f <+77>:	add    %eax,%ecx
   0x0000000000401051 <+79>:	cmp    $0xf,%eax
   0x0000000000401054 <+82>:	jne    0x401043 <phase_5+65>
   0x0000000000401056 <+84>:	mov    %eax,0xc(%rsp)
   0x000000000040105a <+88>:	cmp    $0xc,%edx
   0x000000000040105d <+91>:	jne    0x401065 <phase_5+99>
   0x000000000040105f <+93>:	cmp    0x8(%rsp),%ecx
   0x0000000000401063 <+97>:	je     0x40106a <phase_5+104>
   0x0000000000401065 <+99>:	callq  0x40163d <explode_bomb>
   0x000000000040106a <+104>:	add    $0x18,%rsp
   0x000000000040106e <+108>:	retq   
End of assembler dump.
(gdb) in r
Ambiguous command "in r": inf, inferior, info, init-if-undefined, inspect, internals, interpreter-exec, interrupt.
(gdb) info r
rax            0x603080	6303872
rbx            0x7fffffffe758	140737488349016
rcx            0x3	3
rdx            0x5	5
rsi            0x603080	6303872
rdi            0x603080	6303872
rbp            0x0	0x0
rsp            0x7fffffffe668	0x7fffffffe668
r8             0x7ffff7ffa045	140737354113093
r9             0x0	0
r10            0x4	4
r11            0x246	582
r12            0x400c40	4197440
r13            0x7fffffffe750	140737488349008
r14            0x0	0
r15            0x0	0
rip            0x401002	0x401002 <phase_5>
eflags         0x202	[ IF ]
cs             0x33	51
ss             0x2b	43
ds             0x0	0
es             0x0	0
fs             0x0	0
gs             0x0	0
(gdb) x /24wx $rsp
0x7fffffffe668:	0x00400e29	0x00000000	0x00000000	0x00000000
0x7fffffffe678:	0xc7e21735	0x00000030	0x00000000	0x00000000
0x7fffffffe688:	0xffffe758	0x00007fff	0x00000000	0x00000002
0x7fffffffe698:	0x00400d24	0x00000000	0x00000000	0x00000000
0x7fffffffe6a8:	0xf46d6eb0	0xe41d1a2b	0x00400c40	0x00000000
0x7fffffffe6b8:	0xffffe750	0x00007fff	0x00000000	0x00000000
(gdb) ni
0x0000000000401006 in phase_5 ()
(gdb) 
0x000000000040100b in phase_5 ()
(gdb) 
0x0000000000401010 in phase_5 ()
(gdb) 
0x0000000000401015 in phase_5 ()
(gdb) 
0x000000000040101a in phase_5 ()
(gdb) 
0x000000000040101f in phase_5 ()
(gdb) disas
Dump of assembler code for function phase_5:
   0x0000000000401002 <+0>:	sub    $0x18,%rsp
   0x0000000000401006 <+4>:	lea    0x8(%rsp),%rcx
   0x000000000040100b <+9>:	lea    0xc(%rsp),%rdx
   0x0000000000401010 <+14>:	mov    $0x401ebe,%esi
   0x0000000000401015 <+19>:	mov    $0x0,%eax
   0x000000000040101a <+24>:	callq  0x400ab0 <__isoc99_sscanf@plt>
=> 0x000000000040101f <+29>:	cmp    $0x1,%eax
   0x0000000000401022 <+32>:	jg     0x401029 <phase_5+39>
   0x0000000000401024 <+34>:	callq  0x40163d <explode_bomb>
   0x0000000000401029 <+39>:	mov    0xc(%rsp),%eax
   0x000000000040102d <+43>:	and    $0xf,%eax
   0x0000000000401030 <+46>:	mov    %eax,0xc(%rsp)
   0x0000000000401034 <+50>:	cmp    $0xf,%eax
   0x0000000000401037 <+53>:	je     0x401065 <phase_5+99>
   0x0000000000401039 <+55>:	mov    $0x0,%ecx
   0x000000000040103e <+60>:	mov    $0x0,%edx
   0x0000000000401043 <+65>:	add    $0x1,%edx
   0x0000000000401046 <+68>:	cltq   
   0x0000000000401048 <+70>:	mov    0x401ba0(,%rax,4),%eax
   0x000000000040104f <+77>:	add    %eax,%ecx
   0x0000000000401051 <+79>:	cmp    $0xf,%eax
   0x0000000000401054 <+82>:	jne    0x401043 <phase_5+65>
   0x0000000000401056 <+84>:	mov    %eax,0xc(%rsp)
   0x000000000040105a <+88>:	cmp    $0xc,%edx
   0x000000000040105d <+91>:	jne    0x401065 <phase_5+99>
   0x000000000040105f <+93>:	cmp    0x8(%rsp),%ecx
   0x0000000000401063 <+97>:	je     0x40106a <phase_5+104>
   0x0000000000401065 <+99>:	callq  0x40163d <explode_bomb>
   0x000000000040106a <+104>:	add    $0x18,%rsp
   0x000000000040106e <+108>:	retq   
End of assembler dump.
(gdb) info r
rax            0x2	2
rbx            0x7fffffffe758	140737488349016
rcx            0x20	32
rdx            0x30c81b0f98	209515646872
rsi            0x0	0
rdi            0xd9f	3487
rbp            0x0	0x0
rsp            0x7fffffffe650	0x7fffffffe650
r8             0x1	1
r9             0x0	0
r10            0x2	2
r11            0x0	0
r12            0x400c40	4197440
r13            0x7fffffffe750	140737488349008
r14            0x0	0
r15            0x0	0
rip            0x40101f	0x40101f <phase_5+29>
eflags         0x206	[ PF IF ]
cs             0x33	51
ss             0x2b	43
ds             0x0	0
es             0x0	0
fs             0x0	0
gs             0x0	0
(gdb) si
0x0000000000401022 in phase_5 ()
(gdb) 
0x0000000000401029 in phase_5 ()
(gdb) disas
Dump of assembler code for function phase_5:
   0x0000000000401002 <+0>:	sub    $0x18,%rsp
   0x0000000000401006 <+4>:	lea    0x8(%rsp),%rcx
   0x000000000040100b <+9>:	lea    0xc(%rsp),%rdx
   0x0000000000401010 <+14>:	mov    $0x401ebe,%esi
   0x0000000000401015 <+19>:	mov    $0x0,%eax
   0x000000000040101a <+24>:	callq  0x400ab0 <__isoc99_sscanf@plt>
   0x000000000040101f <+29>:	cmp    $0x1,%eax
   0x0000000000401022 <+32>:	jg     0x401029 <phase_5+39>
   0x0000000000401024 <+34>:	callq  0x40163d <explode_bomb>
=> 0x0000000000401029 <+39>:	mov    0xc(%rsp),%eax
   0x000000000040102d <+43>:	and    $0xf,%eax
   0x0000000000401030 <+46>:	mov    %eax,0xc(%rsp)
   0x0000000000401034 <+50>:	cmp    $0xf,%eax
   0x0000000000401037 <+53>:	je     0x401065 <phase_5+99>
   0x0000000000401039 <+55>:	mov    $0x0,%ecx
   0x000000000040103e <+60>:	mov    $0x0,%edx
   0x0000000000401043 <+65>:	add    $0x1,%edx
   0x0000000000401046 <+68>:	cltq   
   0x0000000000401048 <+70>:	mov    0x401ba0(,%rax,4),%eax
   0x000000000040104f <+77>:	add    %eax,%ecx
   0x0000000000401051 <+79>:	cmp    $0xf,%eax
   0x0000000000401054 <+82>:	jne    0x401043 <phase_5+65>
   0x0000000000401056 <+84>:	mov    %eax,0xc(%rsp)
   0x000000000040105a <+88>:	cmp    $0xc,%edx
   0x000000000040105d <+91>:	jne    0x401065 <phase_5+99>
   0x000000000040105f <+93>:	cmp    0x8(%rsp),%ecx
   0x0000000000401063 <+97>:	je     0x40106a <phase_5+104>
   0x0000000000401065 <+99>:	callq  0x40163d <explode_bomb>
   0x000000000040106a <+104>:	add    $0x18,%rsp
   0x000000000040106e <+108>:	retq   
End of assembler dump.
(gdb) info r
rax            0x2	2
rbx            0x7fffffffe758	140737488349016
rcx            0x20	32
rdx            0x30c81b0f98	209515646872
rsi            0x0	0
rdi            0xd9f	3487
rbp            0x0	0x0
rsp            0x7fffffffe650	0x7fffffffe650
r8             0x1	1
r9             0x0	0
r10            0x2	2
r11            0x0	0
r12            0x400c40	4197440
r13            0x7fffffffe750	140737488349008
r14            0x0	0
r15            0x0	0
rip            0x401029	0x401029 <phase_5+39>
eflags         0x202	[ IF ]
cs             0x33	51
ss             0x2b	43
ds             0x0	0
es             0x0	0
fs             0x0	0
gs             0x0	0
(gdb) x /24wx $rsp
0x7fffffffe650:	0xffffe758	0x00007fff	0x00000002	0x00000001
0x7fffffffe660:	0x00400c40	0x00000000	0x00400e29	0x00000000
0x7fffffffe670:	0x00000000	0x00000000	0xc7e21735	0x00000030
0x7fffffffe680:	0x00000000	0x00000000	0xffffe758	0x00007fff
0x7fffffffe690:	0x00000000	0x00000002	0x00400d24	0x00000000
0x7fffffffe6a0:	0x00000000	0x00000000	0xf46d6eb0	0xe41d1a2b
(gdb) si
0x000000000040102d in phase_5 ()
(gdb) 
0x0000000000401030 in phase_5 ()
(gdb) 
0x0000000000401034 in phase_5 ()
(gdb) 
0x0000000000401037 in phase_5 ()
(gdb) 
0x0000000000401039 in phase_5 ()
(gdb) disaster
Undefined command: "disaster".  Try "help".
(gdb) disas
Dump of assembler code for function phase_5:
   0x0000000000401002 <+0>:	sub    $0x18,%rsp
   0x0000000000401006 <+4>:	lea    0x8(%rsp),%rcx
   0x000000000040100b <+9>:	lea    0xc(%rsp),%rdx
   0x0000000000401010 <+14>:	mov    $0x401ebe,%esi
   0x0000000000401015 <+19>:	mov    $0x0,%eax
   0x000000000040101a <+24>:	callq  0x400ab0 <__isoc99_sscanf@plt>
   0x000000000040101f <+29>:	cmp    $0x1,%eax
   0x0000000000401022 <+32>:	jg     0x401029 <phase_5+39>
   0x0000000000401024 <+34>:	callq  0x40163d <explode_bomb>
   0x0000000000401029 <+39>:	mov    0xc(%rsp),%eax
   0x000000000040102d <+43>:	and    $0xf,%eax
   0x0000000000401030 <+46>:	mov    %eax,0xc(%rsp)
   0x0000000000401034 <+50>:	cmp    $0xf,%eax
   0x0000000000401037 <+53>:	je     0x401065 <phase_5+99>
=> 0x0000000000401039 <+55>:	mov    $0x0,%ecx
   0x000000000040103e <+60>:	mov    $0x0,%edx
   0x0000000000401043 <+65>:	add    $0x1,%edx
   0x0000000000401046 <+68>:	cltq   
   0x0000000000401048 <+70>:	mov    0x401ba0(,%rax,4),%eax
   0x000000000040104f <+77>:	add    %eax,%ecx
   0x0000000000401051 <+79>:	cmp    $0xf,%eax
   0x0000000000401054 <+82>:	jne    0x401043 <phase_5+65>
   0x0000000000401056 <+84>:	mov    %eax,0xc(%rsp)
   0x000000000040105a <+88>:	cmp    $0xc,%edx
   0x000000000040105d <+91>:	jne    0x401065 <phase_5+99>
   0x000000000040105f <+93>:	cmp    0x8(%rsp),%ecx
   0x0000000000401063 <+97>:	je     0x40106a <phase_5+104>
   0x0000000000401065 <+99>:	callq  0x40163d <explode_bomb>
   0x000000000040106a <+104>:	add    $0x18,%rsp
   0x000000000040106e <+108>:	retq   
End of assembler dump.
(gdb) info r
rax            0x1	1
rbx            0x7fffffffe758	140737488349016
rcx            0x20	32
rdx            0x30c81b0f98	209515646872
rsi            0x0	0
rdi            0xd9f	3487
rbp            0x0	0x0
rsp            0x7fffffffe650	0x7fffffffe650
r8             0x1	1
r9             0x0	0
r10            0x2	2
r11            0x0	0
r12            0x400c40	4197440
r13            0x7fffffffe750	140737488349008
r14            0x0	0
r15            0x0	0
rip            0x401039	0x401039 <phase_5+55>
eflags         0x293	[ CF AF SF IF ]
cs             0x33	51
ss             0x2b	43
ds             0x0	0
es             0x0	0
fs             0x0	0
gs             0x0	0
(gdb) x /24wx $rsp
0x7fffffffe650:	0xffffe758	0x00007fff	0x00000002	0x00000001
0x7fffffffe660:	0x00400c40	0x00000000	0x00400e29	0x00000000
0x7fffffffe670:	0x00000000	0x00000000	0xc7e21735	0x00000030
0x7fffffffe680:	0x00000000	0x00000000	0xffffe758	0x00007fff
0x7fffffffe690:	0x00000000	0x00000002	0x00400d24	0x00000000
0x7fffffffe6a0:	0x00000000	0x00000000	0xf46d6eb0	0xe41d1a2b
(gdb) x /24wx 0x401ba0
0x401ba0 <array.3014>:	0x0000000a	0x00000002	0x0000000e	0x00000007
0x401bb0 <array.3014+16>:	0x00000008	0x0000000c	0x0000000f	0x0000000b
0x401bc0 <array.3014+32>:	0x00000000	0x00000004	0x00000001	0x0000000d
0x401bd0 <array.3014+48>:	0x00000003	0x00000009	0x00000006	0x00000005
0x401be0:	0x79206f53	0x7420756f	0x6b6e6968	0x756f7920
0x401bf0:	0x6e616320	0x6f747320	0x68742070	0x6f622065
(gdb) x /32wx 0x401ba0
0x401ba0 <array.3014>:	0x0000000a	0x00000002	0x0000000e	0x00000007
0x401bb0 <array.3014+16>:	0x00000008	0x0000000c	0x0000000f	0x0000000b
0x401bc0 <array.3014+32>:	0x00000000	0x00000004	0x00000001	0x0000000d
0x401bd0 <array.3014+48>:	0x00000003	0x00000009	0x00000006	0x00000005
0x401be0:	0x79206f53	0x7420756f	0x6b6e6968	0x756f7920
0x401bf0:	0x6e616320	0x6f747320	0x68742070	0x6f622065
0x401c00:	0x7720626d	0x20687469	0x6c727463	0x202c632d
0x401c10:	0x79206f64	0x003f756f	0x656e6f6e	0x74736978
(gdb) x /12wx 0x401ba0
0x401ba0 <array.3014>:	0x0000000a	0x00000002	0x0000000e	0x00000007
0x401bb0 <array.3014+16>:	0x00000008	0x0000000c	0x0000000f	0x0000000b
0x401bc0 <array.3014+32>:	0x00000000	0x00000004	0x00000001	0x0000000d
(gdb) x /16wx 0x401ba0
0x401ba0 <array.3014>:	0x0000000a	0x00000002	0x0000000e	0x00000007
0x401bb0 <array.3014+16>:	0x00000008	0x0000000c	0x0000000f	0x0000000b
0x401bc0 <array.3014+32>:	0x00000000	0x00000004	0x00000001	0x0000000d
0x401bd0 <array.3014+48>:	0x00000003	0x00000009	0x00000006	0x00000005
(gdb) si
0x000000000040103e in phase_5 ()
(gdb) 
0x0000000000401043 in phase_5 ()
(gdb) 
0x0000000000401046 in phase_5 ()
(gdb) 
0x0000000000401048 in phase_5 ()
(gdb) disas
Dump of assembler code for function phase_5:
   0x0000000000401002 <+0>:	sub    $0x18,%rsp
   0x0000000000401006 <+4>:	lea    0x8(%rsp),%rcx
   0x000000000040100b <+9>:	lea    0xc(%rsp),%rdx
   0x0000000000401010 <+14>:	mov    $0x401ebe,%esi
   0x0000000000401015 <+19>:	mov    $0x0,%eax
   0x000000000040101a <+24>:	callq  0x400ab0 <__isoc99_sscanf@plt>
   0x000000000040101f <+29>:	cmp    $0x1,%eax
   0x0000000000401022 <+32>:	jg     0x401029 <phase_5+39>
   0x0000000000401024 <+34>:	callq  0x40163d <explode_bomb>
   0x0000000000401029 <+39>:	mov    0xc(%rsp),%eax
   0x000000000040102d <+43>:	and    $0xf,%eax
   0x0000000000401030 <+46>:	mov    %eax,0xc(%rsp)
   0x0000000000401034 <+50>:	cmp    $0xf,%eax
   0x0000000000401037 <+53>:	je     0x401065 <phase_5+99>
   0x0000000000401039 <+55>:	mov    $0x0,%ecx
   0x000000000040103e <+60>:	mov    $0x0,%edx
   0x0000000000401043 <+65>:	add    $0x1,%edx
   0x0000000000401046 <+68>:	cltq   
=> 0x0000000000401048 <+70>:	mov    0x401ba0(,%rax,4),%eax
   0x000000000040104f <+77>:	add    %eax,%ecx
   0x0000000000401051 <+79>:	cmp    $0xf,%eax
   0x0000000000401054 <+82>:	jne    0x401043 <phase_5+65>
   0x0000000000401056 <+84>:	mov    %eax,0xc(%rsp)
   0x000000000040105a <+88>:	cmp    $0xc,%edx
   0x000000000040105d <+91>:	jne    0x401065 <phase_5+99>
   0x000000000040105f <+93>:	cmp    0x8(%rsp),%ecx
   0x0000000000401063 <+97>:	je     0x40106a <phase_5+104>
   0x0000000000401065 <+99>:	callq  0x40163d <explode_bomb>
   0x000000000040106a <+104>:	add    $0x18,%rsp
   0x000000000040106e <+108>:	retq   
End of assembler dump.
(gdb) info r
rax            0x1	1
rbx            0x7fffffffe758	140737488349016
rcx            0x0	0
rdx            0x1	1
rsi            0x0	0
rdi            0xd9f	3487
rbp            0x0	0x0
rsp            0x7fffffffe650	0x7fffffffe650
r8             0x1	1
r9             0x0	0
r10            0x2	2
r11            0x0	0
r12            0x400c40	4197440
r13            0x7fffffffe750	140737488349008
r14            0x0	0
r15            0x0	0
rip            0x401048	0x401048 <phase_5+70>
eflags         0x202	[ IF ]
cs             0x33	51
ss             0x2b	43
ds             0x0	0
es             0x0	0
fs             0x0	0
gs             0x0	0
(gdb) x /24wx $rsp
0x7fffffffe650:	0xffffe758	0x00007fff	0x00000002	0x00000001
0x7fffffffe660:	0x00400c40	0x00000000	0x00400e29	0x00000000
0x7fffffffe670:	0x00000000	0x00000000	0xc7e21735	0x00000030
0x7fffffffe680:	0x00000000	0x00000000	0xffffe758	0x00007fff
0x7fffffffe690:	0x00000000	0x00000002	0x00400d24	0x00000000
0x7fffffffe6a0:	0x00000000	0x00000000	0xf46d6eb0	0xe41d1a2b
(gdb) k

